The target system is: Android - 1 - armv7-a
The host system is: Linux - 4.13.0-31-generic - x86_64
Determining if the include file pthread.h exists passed with the following output:
Change Dir: /home/dell/huangyaling/MyProject/mycaffe-android/build_armeabi-v7a/CMakeFiles/CMakeTmp

Run Build Command:"/usr/bin/make" "cmTC_ff11e/fast"
/usr/bin/make -f CMakeFiles/cmTC_ff11e.dir/build.make CMakeFiles/cmTC_ff11e.dir/build
make[1]: Entering directory '/home/dell/huangyaling/MyProject/mycaffe-android/build_armeabi-v7a/CMakeFiles/CMakeTmp'
Building C object CMakeFiles/cmTC_ff11e.dir/CheckIncludeFile.c.o
/home/dell/Android/android-ndk-r15b/toolchains/arm-linux-androideabi-4.9/prebuilt/linux-x86_64/bin/arm-linux-androideabi-gcc  -DANDROID -isystem /home/dell/Android/android-ndk-r15b/platforms/android-16/arch-arm/usr/include -isystem /home/dell/Android/android-ndk-r15b/sources/cxx-stl/gnu-libstdc++/4.9/include -isystem /home/dell/Android/android-ndk-r15b/sources/cxx-stl/gnu-libstdc++/4.9/libs/armeabi-v7a/include -isystem /home/dell/Android/android-ndk-r15b/sources/cxx-stl/gnu-libstdc++/4.9/include/backward  -fexceptions -Wno-psabi --sysroot=/home/dell/Android/android-ndk-r15b/platforms/android-16/arch-arm -funwind-tables -finline-limit=64 -fsigned-char -no-canonical-prefixes -march=armv7-a -mfloat-abi=softfp -mfpu=neon -fdata-sections -ffunction-sections -Wa,--noexecstack   -fPIE   -o CMakeFiles/cmTC_ff11e.dir/CheckIncludeFile.c.o   -c /home/dell/huangyaling/MyProject/mycaffe-android/build_armeabi-v7a/CMakeFiles/CMakeTmp/CheckIncludeFile.c
Linking C executable cmTC_ff11e
/usr/bin/cmake -E cmake_link_script CMakeFiles/cmTC_ff11e.dir/link.txt --verbose=1
/home/dell/Android/android-ndk-r15b/toolchains/arm-linux-androideabi-4.9/prebuilt/linux-x86_64/bin/arm-linux-androideabi-gcc  -fexceptions -Wno-psabi --sysroot=/home/dell/Android/android-ndk-r15b/platforms/android-16/arch-arm -funwind-tables -finline-limit=64 -fsigned-char -no-canonical-prefixes -march=armv7-a -mfloat-abi=softfp -mfpu=neon -fdata-sections -ffunction-sections -Wa,--noexecstack     -Wl,--fix-cortex-a8 -Wl,--no-undefined -Wl,-allow-shlib-undefined -Wl,--gc-sections -Wl,-z,noexecstack -Wl,-z,relro -Wl,-z,now -Wl,-z,nocopyreloc -fPIE -pie  CMakeFiles/cmTC_ff11e.dir/CheckIncludeFile.c.o -o cmTC_ff11e  -L/libs/armeabi-v7a   "/home/dell/Android/android-ndk-r15b/sources/cxx-stl/gnu-libstdc++/4.9/libs/armeabi-v7a/libsupc++.a"
make[1]: Leaving directory '/home/dell/huangyaling/MyProject/mycaffe-android/build_armeabi-v7a/CMakeFiles/CMakeTmp'


Determining if the pthread_create exist passed with the following output:
Change Dir: /home/dell/huangyaling/MyProject/mycaffe-android/build_armeabi-v7a/CMakeFiles/CMakeTmp

Run Build Command:"/usr/bin/make" "cmTC_75abc/fast"
/usr/bin/make -f CMakeFiles/cmTC_75abc.dir/build.make CMakeFiles/cmTC_75abc.dir/build
make[1]: Entering directory '/home/dell/huangyaling/MyProject/mycaffe-android/build_armeabi-v7a/CMakeFiles/CMakeTmp'
Building C object CMakeFiles/cmTC_75abc.dir/CheckSymbolExists.c.o
/home/dell/Android/android-ndk-r15b/toolchains/arm-linux-androideabi-4.9/prebuilt/linux-x86_64/bin/arm-linux-androideabi-gcc  -DANDROID -isystem /home/dell/Android/android-ndk-r15b/platforms/android-16/arch-arm/usr/include -isystem /home/dell/Android/android-ndk-r15b/sources/cxx-stl/gnu-libstdc++/4.9/include -isystem /home/dell/Android/android-ndk-r15b/sources/cxx-stl/gnu-libstdc++/4.9/libs/armeabi-v7a/include -isystem /home/dell/Android/android-ndk-r15b/sources/cxx-stl/gnu-libstdc++/4.9/include/backward  -fexceptions -Wno-psabi --sysroot=/home/dell/Android/android-ndk-r15b/platforms/android-16/arch-arm -funwind-tables -finline-limit=64 -fsigned-char -no-canonical-prefixes -march=armv7-a -mfloat-abi=softfp -mfpu=neon -fdata-sections -ffunction-sections -Wa,--noexecstack   -fPIE   -o CMakeFiles/cmTC_75abc.dir/CheckSymbolExists.c.o   -c /home/dell/huangyaling/MyProject/mycaffe-android/build_armeabi-v7a/CMakeFiles/CMakeTmp/CheckSymbolExists.c
Linking C executable cmTC_75abc
/usr/bin/cmake -E cmake_link_script CMakeFiles/cmTC_75abc.dir/link.txt --verbose=1
/home/dell/Android/android-ndk-r15b/toolchains/arm-linux-androideabi-4.9/prebuilt/linux-x86_64/bin/arm-linux-androideabi-gcc  -fexceptions -Wno-psabi --sysroot=/home/dell/Android/android-ndk-r15b/platforms/android-16/arch-arm -funwind-tables -finline-limit=64 -fsigned-char -no-canonical-prefixes -march=armv7-a -mfloat-abi=softfp -mfpu=neon -fdata-sections -ffunction-sections -Wa,--noexecstack     -Wl,--fix-cortex-a8 -Wl,--no-undefined -Wl,-allow-shlib-undefined -Wl,--gc-sections -Wl,-z,noexecstack -Wl,-z,relro -Wl,-z,now -Wl,-z,nocopyreloc -fPIE -pie  CMakeFiles/cmTC_75abc.dir/CheckSymbolExists.c.o -o cmTC_75abc  -L/libs/armeabi-v7a   "/home/dell/Android/android-ndk-r15b/sources/cxx-stl/gnu-libstdc++/4.9/libs/armeabi-v7a/libsupc++.a"
make[1]: Leaving directory '/home/dell/huangyaling/MyProject/mycaffe-android/build_armeabi-v7a/CMakeFiles/CMakeTmp'

File /home/dell/huangyaling/MyProject/mycaffe-android/build_armeabi-v7a/CMakeFiles/CMakeTmp/CheckSymbolExists.c:
/* */
#include <pthread.h>

int main(int argc, char** argv)
{
  (void)argv;
#ifndef pthread_create
  return ((int*)(&pthread_create))[argc];
#else
  (void)argc;
  return 0;
#endif
}

