The target system is: Android - 1 - aarch64
The host system is: Linux - 4.13.0-31-generic - x86_64
Determining if the include file pthread.h exists passed with the following output:
Change Dir: /home/dell/huangyaling/MyProject/mycaffe-android/build_arm64-v8a/CMakeFiles/CMakeTmp

Run Build Command:"/usr/bin/make" "cmTC_d68e3/fast"
/usr/bin/make -f CMakeFiles/cmTC_d68e3.dir/build.make CMakeFiles/cmTC_d68e3.dir/build
make[1]: Entering directory '/home/dell/huangyaling/MyProject/mycaffe-android/build_arm64-v8a/CMakeFiles/CMakeTmp'
Building C object CMakeFiles/cmTC_d68e3.dir/CheckIncludeFile.c.o
/home/dell/Android/android-ndk-r15b/toolchains/aarch64-linux-android-4.9/prebuilt/linux-x86_64/bin/aarch64-linux-android-gcc  -DANDROID -isystem /home/dell/Android/android-ndk-r15b/platforms/android-21/arch-arm64/usr/include -isystem /home/dell/Android/android-ndk-r15b/sources/cxx-stl/gnu-libstdc++/4.9/include -isystem /home/dell/Android/android-ndk-r15b/sources/cxx-stl/gnu-libstdc++/4.9/libs/arm64-v8a/include -isystem /home/dell/Android/android-ndk-r15b/sources/cxx-stl/gnu-libstdc++/4.9/include/backward  -fexceptions -Wno-psabi --sysroot=/home/dell/Android/android-ndk-r15b/platforms/android-21/arch-arm64 -funwind-tables -fsigned-char -no-canonical-prefixes -fdata-sections -ffunction-sections -Wa,--noexecstack   -fPIE   -o CMakeFiles/cmTC_d68e3.dir/CheckIncludeFile.c.o   -c /home/dell/huangyaling/MyProject/mycaffe-android/build_arm64-v8a/CMakeFiles/CMakeTmp/CheckIncludeFile.c
Linking C executable cmTC_d68e3
/usr/bin/cmake -E cmake_link_script CMakeFiles/cmTC_d68e3.dir/link.txt --verbose=1
/home/dell/Android/android-ndk-r15b/toolchains/aarch64-linux-android-4.9/prebuilt/linux-x86_64/bin/aarch64-linux-android-gcc  -fexceptions -Wno-psabi --sysroot=/home/dell/Android/android-ndk-r15b/platforms/android-21/arch-arm64 -funwind-tables -fsigned-char -no-canonical-prefixes -fdata-sections -ffunction-sections -Wa,--noexecstack     -Wl,--no-undefined -Wl,-allow-shlib-undefined -Wl,--gc-sections -Wl,-z,noexecstack -Wl,-z,relro -Wl,-z,now -Wl,-z,nocopyreloc -fPIE -pie  CMakeFiles/cmTC_d68e3.dir/CheckIncludeFile.c.o -o cmTC_d68e3  -L/libs/arm64-v8a   "/home/dell/Android/android-ndk-r15b/sources/cxx-stl/gnu-libstdc++/4.9/libs/arm64-v8a/libsupc++.a"
make[1]: Leaving directory '/home/dell/huangyaling/MyProject/mycaffe-android/build_arm64-v8a/CMakeFiles/CMakeTmp'


Determining if the pthread_create exist passed with the following output:
Change Dir: /home/dell/huangyaling/MyProject/mycaffe-android/build_arm64-v8a/CMakeFiles/CMakeTmp

Run Build Command:"/usr/bin/make" "cmTC_f6de3/fast"
/usr/bin/make -f CMakeFiles/cmTC_f6de3.dir/build.make CMakeFiles/cmTC_f6de3.dir/build
make[1]: Entering directory '/home/dell/huangyaling/MyProject/mycaffe-android/build_arm64-v8a/CMakeFiles/CMakeTmp'
Building C object CMakeFiles/cmTC_f6de3.dir/CheckSymbolExists.c.o
/home/dell/Android/android-ndk-r15b/toolchains/aarch64-linux-android-4.9/prebuilt/linux-x86_64/bin/aarch64-linux-android-gcc  -DANDROID -isystem /home/dell/Android/android-ndk-r15b/platforms/android-21/arch-arm64/usr/include -isystem /home/dell/Android/android-ndk-r15b/sources/cxx-stl/gnu-libstdc++/4.9/include -isystem /home/dell/Android/android-ndk-r15b/sources/cxx-stl/gnu-libstdc++/4.9/libs/arm64-v8a/include -isystem /home/dell/Android/android-ndk-r15b/sources/cxx-stl/gnu-libstdc++/4.9/include/backward  -fexceptions -Wno-psabi --sysroot=/home/dell/Android/android-ndk-r15b/platforms/android-21/arch-arm64 -funwind-tables -fsigned-char -no-canonical-prefixes -fdata-sections -ffunction-sections -Wa,--noexecstack   -fPIE   -o CMakeFiles/cmTC_f6de3.dir/CheckSymbolExists.c.o   -c /home/dell/huangyaling/MyProject/mycaffe-android/build_arm64-v8a/CMakeFiles/CMakeTmp/CheckSymbolExists.c
Linking C executable cmTC_f6de3
/usr/bin/cmake -E cmake_link_script CMakeFiles/cmTC_f6de3.dir/link.txt --verbose=1
/home/dell/Android/android-ndk-r15b/toolchains/aarch64-linux-android-4.9/prebuilt/linux-x86_64/bin/aarch64-linux-android-gcc  -fexceptions -Wno-psabi --sysroot=/home/dell/Android/android-ndk-r15b/platforms/android-21/arch-arm64 -funwind-tables -fsigned-char -no-canonical-prefixes -fdata-sections -ffunction-sections -Wa,--noexecstack     -Wl,--no-undefined -Wl,-allow-shlib-undefined -Wl,--gc-sections -Wl,-z,noexecstack -Wl,-z,relro -Wl,-z,now -Wl,-z,nocopyreloc -fPIE -pie  CMakeFiles/cmTC_f6de3.dir/CheckSymbolExists.c.o -o cmTC_f6de3  -L/libs/arm64-v8a   "/home/dell/Android/android-ndk-r15b/sources/cxx-stl/gnu-libstdc++/4.9/libs/arm64-v8a/libsupc++.a"
make[1]: Leaving directory '/home/dell/huangyaling/MyProject/mycaffe-android/build_arm64-v8a/CMakeFiles/CMakeTmp'

File /home/dell/huangyaling/MyProject/mycaffe-android/build_arm64-v8a/CMakeFiles/CMakeTmp/CheckSymbolExists.c:
/* */
#include <pthread.h>

int main(int argc, char** argv)
{
  (void)argv;
#ifndef pthread_create
  return ((int*)(&pthread_create))[argc];
#else
  (void)argc;
  return 0;
#endif
}

